2021-10-29 21:51:08.106 [main] INFO  Asset_tracker_post.get_001_Dumper_details -  ================================================= 
2021-10-29 21:51:08.113 [main] INFO  Asset_tracker_post.get_001_Dumper_details -  Asset Tracking : alldumperids api test starts
2021-10-29 21:51:08.113 [main] INFO  Asset_tracker_post.get_001_Dumper_details -  Search with device ID 10009
2021-10-29 21:51:13.729 [main] INFO  Asset_tracker_post.get_001_Dumper_details -  Successful response code received 
2021-10-29 21:51:13.800 [main] INFO  Asset_tracker_post.get_001_Dumper_details -  Device ID matched successfully
2021-10-29 21:51:13.905 [main] INFO  Asset_tracker_post.get_001_Dumper_details -  Device Category is matched with response
2021-10-29 21:51:13.906 [main] INFO  Asset_tracker_post.get_001_Dumper_details -  Device MappingID is matched with response
2021-10-29 21:51:13.907 [main] INFO  Asset_tracker_post.get_001_Dumper_details -  Test case passed 
2021-10-29 21:51:13.999 [main] INFO  Asset_tracker_post.get_002_assetlocationsview -  ================================================= 
2021-10-29 21:51:13.999 [main] INFO  Asset_tracker_post.get_002_assetlocationsview -  Asset Tracking : assetlocationsview api test starts
2021-10-29 21:51:18.805 [main] INFO  Asset_tracker_post.get_002_assetlocationsview -  Successful response code received 
2021-10-29 21:51:18.822 [main] INFO  Asset_tracker_post.get_002_assetlocationsview -  location ID matched successfully
2021-10-29 21:51:18.848 [main] INFO  Asset_tracker_post.get_002_assetlocationsview -  location Description is matched with response
2021-10-29 21:51:18.851 [main] INFO  Asset_tracker_post.get_002_assetlocationsview -  rFIDReaderCode is matched with response
2021-10-29 21:51:18.851 [main] INFO  Asset_tracker_post.get_002_assetlocationsview -  chAntenna is matched with response
2021-10-29 21:51:18.852 [main] INFO  Asset_tracker_post.get_002_assetlocationsview -  subch is matched with response
2021-10-29 21:51:18.858 [main] INFO  Asset_tracker_post.get_002_assetlocationsview -  Test case passed 
2021-10-29 21:51:19.008 [main] INFO  Asset_tracker_post.get_003_getlocations -  ================================================= 
2021-10-29 21:51:19.008 [main] INFO  Asset_tracker_post.get_003_getlocations -  Asset Tracking : getlocations api test starts
2021-10-29 21:51:19.098 [main] INFO  Asset_tracker_post.get_003_getlocations -  Successful response code received 
2021-10-29 21:51:19.099 [main] INFO  Asset_tracker_post.get_003_getlocations -  location ID matched successfully
2021-10-29 21:51:19.100 [main] INFO  Asset_tracker_post.get_003_getlocations -  location Description is matched with response
2021-10-29 21:51:19.101 [main] INFO  Asset_tracker_post.get_003_getlocations -  rFIDReaderCode is matched with response
2021-10-29 21:51:19.102 [main] INFO  Asset_tracker_post.get_003_getlocations -  chAntenna is matched with response
2021-10-29 21:51:19.102 [main] INFO  Asset_tracker_post.get_003_getlocations -  subch is matched with response
2021-10-29 21:51:19.103 [main] INFO  Asset_tracker_post.get_003_getlocations -  Test case passed 
2021-10-29 21:51:19.179 [main] INFO  Asset_tracker_post.get_004_get_Assetview -  ================================================= 
2021-10-29 21:51:19.179 [main] INFO  Asset_tracker_post.get_004_get_Assetview -  Asset Tracking : assetview api test starts
2021-10-29 21:51:19.179 [main] INFO  Asset_tracker_post.get_004_get_Assetview -  Search with asset code astcode_119
2021-10-29 21:51:19.319 [main] INFO  Asset_tracker_post.get_004_get_Assetview -  Successful response code received 
2021-10-29 21:51:19.390 [main] INFO  Asset_tracker_post.get_004_get_Assetview -  response message as : asset details added successfully
2021-10-29 21:51:19.440 [main] INFO  Asset_tracker_post.get_004_get_Assetview -  Asset code matched successfully
2021-10-29 21:51:19.460 [main] INFO  Asset_tracker_post.get_004_get_Assetview - asset id is matched with response
2021-10-29 21:51:19.460 [main] INFO  Asset_tracker_post.get_004_get_Assetview - asset description is matched with response
2021-10-29 21:51:19.461 [main] INFO  Asset_tracker_post.get_004_get_Assetview - location Id is matched with response
2021-10-29 21:51:19.462 [main] INFO  Asset_tracker_post.get_004_get_Assetview - status is matched with response
2021-10-29 21:51:19.462 [main] INFO  Asset_tracker_post.get_004_get_Assetview -  Test case passed 
2021-10-29 21:51:19.524 [main] INFO  Asset_tracker_post.get_005_get_assettrackingforui -  ================================================= 
2021-10-29 21:51:19.524 [main] INFO  Asset_tracker_post.get_005_get_assettrackingforui -  Asset Tracking : assettrackingforui api test starts
2021-10-29 21:51:19.524 [main] INFO  Asset_tracker_post.get_005_get_assettrackingforui -  Search with asset Code  astcode_112
2021-10-29 21:51:19.717 [main] INFO  Asset_tracker_post.get_005_get_assettrackingforui -  Successful response code received 
2021-10-29 21:51:19.798 [main] INFO  Asset_tracker_post.get_005_get_assettrackingforui -  asset Code matched successfully
2021-10-29 21:51:19.816 [main] INFO  Asset_tracker_post.get_005_get_assettrackingforui -  room Id is matched with response
2021-10-29 21:51:19.817 [main] INFO  Asset_tracker_post.get_005_get_assettrackingforui -  asset Description is matched with response
2021-10-29 21:51:19.818 [main] INFO  Asset_tracker_post.get_005_get_assettrackingforui -  room is matched with response
2021-10-29 21:51:19.818 [main] INFO  Asset_tracker_post.get_005_get_assettrackingforui -  Test case passed 
2021-10-29 21:51:19.933 [main] INFO  Asset_tracker_post.post_001_assetlocationsadding -  ================================================= 
2021-10-29 21:51:19.933 [main] INFO  Asset_tracker_post.post_001_assetlocationsadding -  Asset Tracking : assetlocationsadding api test starts
2021-10-29 21:51:20.065 [main] INFO  Asset_tracker_post.post_001_assetlocationsadding -  Successful response code received 
2021-10-29 21:51:20.114 [main] INFO  Asset_tracker_post.post_001_assetlocationsadding -  response message as : asset Location saved successfully
2021-10-29 21:51:20.114 [main] INFO  Asset_tracker_post.post_001_assetlocationsadding -  Asset location ID 84 created
2021-10-29 21:51:20.115 [main] INFO  Asset_tracker_post.post_001_assetlocationsadding - Entered location description is matched with response
2021-10-29 21:51:20.115 [main] INFO  Asset_tracker_post.post_001_assetlocationsadding - Entered rFIDReaderCode is matched with response
2021-10-29 21:51:20.116 [main] INFO  Asset_tracker_post.post_001_assetlocationsadding - Entered chAntenna is matched with response
2021-10-29 21:51:20.118 [main] INFO  Asset_tracker_post.post_001_assetlocationsadding - Entered subch is matched with response
2021-10-29 21:51:20.120 [main] INFO  Asset_tracker_post.post_001_assetlocationsadding -  Test case passed 
2021-10-29 21:51:20.189 [main] INFO  Asset_tracker_post.post_002_AssetAdd -  ================================================= 
2021-10-29 21:51:20.189 [main] INFO  Asset_tracker_post.post_002_AssetAdd -  Asset Tracking : assetadding api test starts
2021-10-29 21:51:20.286 [main] INFO  Asset_tracker_post.post_002_AssetAdd -  Test Fail : java.lang.AssertionError: expected [200] but found [404]
2021-10-29 21:51:20.551 [main] INFO  Asset_tracker_post.post_003_getassets -  ================================================= 
2021-10-29 21:51:20.552 [main] INFO  Asset_tracker_post.post_003_getassets -  Asset Tracking : get assets api test starts
2021-10-29 21:51:20.635 [main] INFO  Asset_tracker_post.post_003_getassets - Search with location ID 17
2021-10-29 21:51:20.636 [main] INFO  Asset_tracker_post.post_003_getassets -  Successful response code received 
2021-10-29 21:51:20.680 [main] INFO  Asset_tracker_post.post_003_getassets -  Asset code matched successfully 
2021-10-29 21:51:20.756 [main] INFO  Asset_tracker_post.post_003_getassets -  Location ID matched successfully 
2021-10-29 21:51:20.757 [main] INFO  Asset_tracker_post.post_003_getassets -  Test case passed 
2021-10-29 21:51:20.881 [main] INFO  Asset_tracker_post.post_004_assettracking -  ================================================= 
2021-10-29 21:51:20.882 [main] INFO  Asset_tracker_post.post_004_assettracking -  Asset Tracking : assettracking api test starts
2021-10-29 21:51:21.962 [main] INFO  Asset_tracker_post.post_004_assettracking -  Successful response code received 
2021-10-29 21:51:21.987 [main] INFO  Asset_tracker_post.post_004_assettracking -  response message as : Success
2021-10-29 21:51:21.987 [main] INFO  Asset_tracker_post.post_004_assettracking -  Test case passed 
2021-10-29 21:51:22.153 [main] INFO  Asset_tracker_post.post_006_dumperdetailscount -  ================================================= 
2021-10-29 21:51:22.154 [main] INFO  Asset_tracker_post.post_006_dumperdetailscount -  Asset Tracking : dumperdetailscount api test starts
2021-10-29 21:51:22.258 [main] INFO  Asset_tracker_post.post_006_dumperdetailscount -  Successful response code received 
2021-10-29 21:51:22.322 [main] INFO  Asset_tracker_post.post_006_dumperdetailscount - Response message matched
2021-10-29 21:51:22.322 [main] INFO  Asset_tracker_post.post_006_dumperdetailscount - Test case pass
2021-10-29 21:51:22.388 [main] INFO  Asset_tracker_post.post_007_durationofthetrip -  ================================================= 
2021-10-29 21:51:22.388 [main] INFO  Asset_tracker_post.post_007_durationofthetrip -  Asset Tracking : durationofthetrip api test starts
2021-10-29 21:51:22.510 [main] INFO  Asset_tracker_post.post_007_durationofthetrip -  Successful response code received 
2021-10-29 21:51:22.556 [main] INFO  Asset_tracker_post.post_007_durationofthetrip - Response message matched
2021-10-29 21:51:22.556 [main] INFO  Asset_tracker_post.post_007_durationofthetrip - Test case pass
