22:41:55.571 [main] INFO  Asset_tracker_post.get_001_Dumper_details -  ================================================= 
22:41:55.575 [main] INFO  Asset_tracker_post.get_001_Dumper_details -  Asset Tracking : alldumperids api test starts
22:41:55.575 [main] INFO  Asset_tracker_post.get_001_Dumper_details -  Search with device ID 10009
22:41:59.651 [main] INFO  Asset_tracker_post.get_001_Dumper_details -  Successful response code received 
22:41:59.706 [main] INFO  Asset_tracker_post.get_001_Dumper_details -  Device ID matched successfully
22:41:59.777 [main] INFO  Asset_tracker_post.get_001_Dumper_details -  Device Category is matched with response
22:41:59.777 [main] INFO  Asset_tracker_post.get_001_Dumper_details -  Device MappingID is matched with response
22:41:59.786 [main] INFO  Asset_tracker_post.get_001_Dumper_details -  Test case passed 
22:41:59.879 [main] INFO  Asset_tracker_post.get_002_assetlocationsview -  ================================================= 
22:41:59.879 [main] INFO  Asset_tracker_post.get_002_assetlocationsview -  Asset Tracking : assetlocationsview api test starts
22:42:00.462 [main] INFO  Asset_tracker_post.get_002_assetlocationsview -  Successful response code received 
22:42:00.478 [main] INFO  Asset_tracker_post.get_002_assetlocationsview -  location ID matched successfully
22:42:00.492 [main] INFO  Asset_tracker_post.get_002_assetlocationsview -  location Description is matched with response
22:42:00.492 [main] INFO  Asset_tracker_post.get_002_assetlocationsview -  rFIDReaderCode is matched with response
22:42:00.492 [main] INFO  Asset_tracker_post.get_002_assetlocationsview -  chAntenna is matched with response
22:42:00.495 [main] INFO  Asset_tracker_post.get_002_assetlocationsview -  subch is matched with response
22:42:00.496 [main] INFO  Asset_tracker_post.get_002_assetlocationsview -  Test case passed 
22:42:00.574 [main] INFO  Asset_tracker_post.get_003_getlocations -  ================================================= 
22:42:00.574 [main] INFO  Asset_tracker_post.get_003_getlocations -  Asset Tracking : getlocations api test starts
22:42:01.040 [main] INFO  Asset_tracker_post.get_003_getlocations -  Successful response code received 
22:42:01.043 [main] INFO  Asset_tracker_post.get_003_getlocations -  location ID matched successfully
22:42:01.044 [main] INFO  Asset_tracker_post.get_003_getlocations -  location Description is matched with response
22:42:01.044 [main] INFO  Asset_tracker_post.get_003_getlocations -  rFIDReaderCode is matched with response
22:42:01.046 [main] INFO  Asset_tracker_post.get_003_getlocations -  chAntenna is matched with response
22:42:01.047 [main] INFO  Asset_tracker_post.get_003_getlocations -  subch is matched with response
22:42:01.047 [main] INFO  Asset_tracker_post.get_003_getlocations -  Test case passed 
22:42:01.117 [main] INFO  Asset_tracker_post.get_004_get_Assetview -  ================================================= 
22:42:01.117 [main] INFO  Asset_tracker_post.get_004_get_Assetview -  Asset Tracking : assetview api test starts
22:42:01.134 [main] INFO  Asset_tracker_post.get_004_get_Assetview -  Search with asset code astcode_119
22:42:01.513 [main] INFO  Asset_tracker_post.get_004_get_Assetview -  Successful response code received 
22:42:01.667 [main] INFO  Asset_tracker_post.get_004_get_Assetview -  response message as : asset details added successfully
22:42:01.699 [main] INFO  Asset_tracker_post.get_004_get_Assetview -  Asset code matched successfully
22:42:01.720 [main] INFO  Asset_tracker_post.get_004_get_Assetview - asset id is matched with response
22:42:01.720 [main] INFO  Asset_tracker_post.get_004_get_Assetview - asset description is matched with response
22:42:01.720 [main] INFO  Asset_tracker_post.get_004_get_Assetview - location Id is matched with response
22:42:01.720 [main] INFO  Asset_tracker_post.get_004_get_Assetview - status is matched with response
22:42:01.726 [main] INFO  Asset_tracker_post.get_004_get_Assetview -  Test case passed 
22:42:01.785 [main] INFO  Asset_tracker_post.get_005_get_assettrackingforui -  ================================================= 
22:42:01.785 [main] INFO  Asset_tracker_post.get_005_get_assettrackingforui -  Asset Tracking : assettrackingforui api test starts
22:42:01.785 [main] INFO  Asset_tracker_post.get_005_get_assettrackingforui -  Search with asset Code  astcode_112
22:42:02.262 [main] INFO  Asset_tracker_post.get_005_get_assettrackingforui -  Successful response code received 
22:42:02.305 [main] INFO  Asset_tracker_post.get_005_get_assettrackingforui -  asset Code matched successfully
22:42:02.325 [main] INFO  Asset_tracker_post.get_005_get_assettrackingforui -  room Id is matched with response
22:42:02.326 [main] INFO  Asset_tracker_post.get_005_get_assettrackingforui -  asset Description is matched with response
22:42:02.326 [main] INFO  Asset_tracker_post.get_005_get_assettrackingforui -  room is matched with response
22:42:02.327 [main] INFO  Asset_tracker_post.get_005_get_assettrackingforui -  Test case passed 
22:51:55.953 [main] INFO  Asset_tracker_post.get_001_Dumper_details -  ================================================= 
22:51:55.953 [main] INFO  Asset_tracker_post.get_001_Dumper_details -  Asset Tracking : alldumperids api test starts
22:51:55.953 [main] INFO  Asset_tracker_post.get_001_Dumper_details -  Search with device ID 10009
22:52:01.241 [main] INFO  Asset_tracker_post.get_001_Dumper_details -  Test Fail : java.lang.AssertionError: expected [2001] but found [200]
22:52:01.408 [main] INFO  Asset_tracker_post.get_002_assetlocationsview -  ================================================= 
22:52:01.409 [main] INFO  Asset_tracker_post.get_002_assetlocationsview -  Asset Tracking : assetlocationsview api test starts
22:52:01.941 [main] INFO  Asset_tracker_post.get_002_assetlocationsview -  Successful response code received 
22:52:01.961 [main] INFO  Asset_tracker_post.get_002_assetlocationsview -  location ID matched successfully
22:52:02.077 [main] INFO  Asset_tracker_post.get_002_assetlocationsview -  location Description is matched with response
22:52:02.077 [main] INFO  Asset_tracker_post.get_002_assetlocationsview -  rFIDReaderCode is matched with response
22:52:02.078 [main] INFO  Asset_tracker_post.get_002_assetlocationsview -  chAntenna is matched with response
22:52:02.078 [main] INFO  Asset_tracker_post.get_002_assetlocationsview - Mismatch : subch and response subch
22:52:02.078 [main] INFO  Asset_tracker_post.get_002_assetlocationsview -  Test case fail : one of the data is mismatch 
22:52:02.159 [main] INFO  Asset_tracker_post.get_003_getlocations -  ================================================= 
22:52:02.161 [main] INFO  Asset_tracker_post.get_003_getlocations -  Asset Tracking : getlocations api test starts
22:52:02.736 [main] INFO  Asset_tracker_post.get_003_getlocations -  Successful response code received 
22:52:02.738 [main] INFO  Asset_tracker_post.get_003_getlocations -  location ID matched successfully
22:52:02.739 [main] INFO  Asset_tracker_post.get_003_getlocations -  location Description is matched with response
22:52:02.740 [main] INFO  Asset_tracker_post.get_003_getlocations -  Mismatch : rFIDReaderCode and response rFIDReaderCode
22:52:02.741 [main] INFO  Asset_tracker_post.get_003_getlocations -  chAntenna is matched with response
22:52:02.741 [main] INFO  Asset_tracker_post.get_003_getlocations -  subch is matched with response
22:52:02.741 [main] INFO  Asset_tracker_post.get_003_getlocations -  Test case fail : one of the data is mismatch 
22:52:02.870 [main] INFO  Asset_tracker_post.get_004_get_Assetview -  ================================================= 
22:52:02.870 [main] INFO  Asset_tracker_post.get_004_get_Assetview -  Asset Tracking : assetview api test starts
22:52:02.870 [main] INFO  Asset_tracker_post.get_004_get_Assetview -  Search with asset code astcode_119
22:52:03.381 [main] INFO  Asset_tracker_post.get_004_get_Assetview -  Successful response code received 
22:52:03.491 [main] INFO  Asset_tracker_post.get_004_get_Assetview - Test fail: java.lang.AssertionError: expected [asset details added successfully1] but found [asset details added successfully]
22:52:03.595 [main] INFO  Asset_tracker_post.get_005_get_assettrackingforui -  ================================================= 
22:52:03.595 [main] INFO  Asset_tracker_post.get_005_get_assettrackingforui -  Asset Tracking : assettrackingforui api test starts
22:52:03.595 [main] INFO  Asset_tracker_post.get_005_get_assettrackingforui -  Search with asset Code  astcode_112
22:52:04.128 [main] INFO  Asset_tracker_post.get_005_get_assettrackingforui -  Successful response code received 
22:52:04.184 [main] INFO  Asset_tracker_post.get_005_get_assettrackingforui -  asset Code matched successfully
22:52:04.194 [main] INFO  Asset_tracker_post.get_005_get_assettrackingforui -  room Id is matched with response
22:52:04.194 [main] INFO  Asset_tracker_post.get_005_get_assettrackingforui -  Mismatch : asset Description and response asset Description
22:52:04.199 [main] INFO  Asset_tracker_post.get_005_get_assettrackingforui -  room is matched with response
22:52:04.202 [main] INFO  Asset_tracker_post.get_005_get_assettrackingforui -  Test case fail : one of the data is mismatch 
18:03:13.481 [main] INFO  Asset_tracker_post.get_001_Dumper_details -  ================================================= 
18:03:13.485 [main] INFO  Asset_tracker_post.get_001_Dumper_details -  Asset Tracking : alldumperids api test starts
18:03:13.485 [main] INFO  Asset_tracker_post.get_001_Dumper_details -  Search with device ID 10009
18:03:17.810 [main] INFO  Asset_tracker_post.get_001_Dumper_details -  Successful response code received 
18:03:17.871 [main] INFO  Asset_tracker_post.get_001_Dumper_details -  Device ID matched successfully
18:03:17.937 [main] INFO  Asset_tracker_post.get_001_Dumper_details -  Device Category is matched with response
18:03:17.937 [main] INFO  Asset_tracker_post.get_001_Dumper_details -  Device MappingID is matched with response
18:03:17.938 [main] INFO  Asset_tracker_post.get_001_Dumper_details -  Test case passed 
18:03:18.130 [main] INFO  Asset_tracker_post.get_002_assetlocationsview -  ================================================= 
18:03:18.131 [main] INFO  Asset_tracker_post.get_002_assetlocationsview -  Asset Tracking : assetlocationsview api test starts
18:03:18.566 [main] INFO  Asset_tracker_post.get_002_assetlocationsview -  Successful response code received 
18:03:18.579 [main] INFO  Asset_tracker_post.get_002_assetlocationsview -  location ID matched successfully
18:03:18.592 [main] INFO  Asset_tracker_post.get_002_assetlocationsview -  location Description is matched with response
18:03:18.592 [main] INFO  Asset_tracker_post.get_002_assetlocationsview -  rFIDReaderCode is matched with response
18:03:18.593 [main] INFO  Asset_tracker_post.get_002_assetlocationsview -  chAntenna is matched with response
18:03:18.593 [main] INFO  Asset_tracker_post.get_002_assetlocationsview -  subch is matched with response
18:03:18.593 [main] INFO  Asset_tracker_post.get_002_assetlocationsview -  Test case passed 
18:03:18.697 [main] INFO  Asset_tracker_post.get_003_getlocations -  ================================================= 
18:03:18.697 [main] INFO  Asset_tracker_post.get_003_getlocations -  Asset Tracking : getlocations api test starts
18:03:19.104 [main] INFO  Asset_tracker_post.get_003_getlocations -  Successful response code received 
18:03:19.106 [main] INFO  Asset_tracker_post.get_003_getlocations -  location ID matched successfully
18:03:19.126 [main] INFO  Asset_tracker_post.get_003_getlocations -  location Description is matched with response
18:03:19.127 [main] INFO  Asset_tracker_post.get_003_getlocations -  rFIDReaderCode is matched with response
18:03:19.129 [main] INFO  Asset_tracker_post.get_003_getlocations -  chAntenna is matched with response
18:03:19.129 [main] INFO  Asset_tracker_post.get_003_getlocations -  subch is matched with response
18:03:19.129 [main] INFO  Asset_tracker_post.get_003_getlocations -  Test case passed 
18:03:19.227 [main] INFO  Asset_tracker_post.get_004_get_Assetview -  ================================================= 
18:03:19.227 [main] INFO  Asset_tracker_post.get_004_get_Assetview -  Asset Tracking : assetview api test starts
18:03:19.227 [main] INFO  Asset_tracker_post.get_004_get_Assetview -  Search with asset code astcode_119
18:03:19.558 [main] INFO  Asset_tracker_post.get_004_get_Assetview -  Successful response code received 
18:03:19.665 [main] INFO  Asset_tracker_post.get_004_get_Assetview -  response message as : asset details added successfully
18:03:19.697 [main] INFO  Asset_tracker_post.get_004_get_Assetview -  Asset code matched successfully
18:03:19.712 [main] INFO  Asset_tracker_post.get_004_get_Assetview - asset id is matched with response
18:03:19.712 [main] INFO  Asset_tracker_post.get_004_get_Assetview - asset description is matched with response
18:03:19.713 [main] INFO  Asset_tracker_post.get_004_get_Assetview - location Id is matched with response
18:03:19.713 [main] INFO  Asset_tracker_post.get_004_get_Assetview - status is matched with response
18:03:19.714 [main] INFO  Asset_tracker_post.get_004_get_Assetview -  Test case passed 
18:03:19.780 [main] INFO  Asset_tracker_post.get_005_get_assettrackingforui -  ================================================= 
18:03:19.780 [main] INFO  Asset_tracker_post.get_005_get_assettrackingforui -  Asset Tracking : assettrackingforui api test starts
18:03:19.781 [main] INFO  Asset_tracker_post.get_005_get_assettrackingforui -  Search with asset Code  astcode_112
18:03:20.139 [main] INFO  Asset_tracker_post.get_005_get_assettrackingforui -  Successful response code received 
18:03:20.208 [main] INFO  Asset_tracker_post.get_005_get_assettrackingforui -  asset Code matched successfully
18:03:20.224 [main] INFO  Asset_tracker_post.get_005_get_assettrackingforui -  room Id is matched with response
18:03:20.225 [main] INFO  Asset_tracker_post.get_005_get_assettrackingforui -  asset Description is matched with response
18:03:20.225 [main] INFO  Asset_tracker_post.get_005_get_assettrackingforui -  room is matched with response
18:03:20.226 [main] INFO  Asset_tracker_post.get_005_get_assettrackingforui -  Test case passed 
18:03:20.309 [main] INFO  Asset_tracker_post.post_001_assetlocationsadding -  ================================================= 
18:03:20.309 [main] INFO  Asset_tracker_post.post_001_assetlocationsadding -  Asset Tracking : assetlocationsadding api test starts
18:03:20.745 [main] INFO  Asset_tracker_post.post_001_assetlocationsadding -  Successful response code received 
18:03:20.786 [main] INFO  Asset_tracker_post.post_001_assetlocationsadding -  response message as : asset Location saved successfully
18:03:20.786 [main] INFO  Asset_tracker_post.post_001_assetlocationsadding -  Asset location ID 55 created
18:03:20.787 [main] INFO  Asset_tracker_post.post_001_assetlocationsadding - Entered location description is matched with response
18:03:20.787 [main] INFO  Asset_tracker_post.post_001_assetlocationsadding - Entered rFIDReaderCode is matched with response
18:03:20.787 [main] INFO  Asset_tracker_post.post_001_assetlocationsadding - Entered chAntenna is matched with response
18:03:20.788 [main] INFO  Asset_tracker_post.post_001_assetlocationsadding - Entered subch is matched with response
18:03:20.788 [main] INFO  Asset_tracker_post.post_001_assetlocationsadding -  Test case passed 
18:03:20.901 [main] INFO  Asset_tracker_post.post_002_AssetAdd -  ================================================= 
18:03:20.902 [main] INFO  Asset_tracker_post.post_002_AssetAdd -  Asset Tracking : assetadding api test starts
18:03:21.239 [main] INFO  Asset_tracker_post.post_002_AssetAdd -  Successful response code received 
18:03:21.285 [main] INFO  Asset_tracker_post.post_002_AssetAdd -  response message as : asset details added successfully
18:03:21.286 [main] INFO  Asset_tracker_post.post_002_AssetAdd -  Asset location ID 44 created
18:03:21.286 [main] INFO  Asset_tracker_post.post_002_AssetAdd - Entered asset Code is matched with response
18:03:21.286 [main] INFO  Asset_tracker_post.post_002_AssetAdd - Entered asset description is matched with response
18:03:21.287 [main] INFO  Asset_tracker_post.post_002_AssetAdd - Entered location Id is matched with response
18:03:21.287 [main] INFO  Asset_tracker_post.post_002_AssetAdd - Entered status is matched with response
18:03:21.294 [main] INFO  Asset_tracker_post.post_002_AssetAdd -  Test case passed 
18:03:21.379 [main] INFO  Asset_tracker_post.post_003_getassets -  ================================================= 
18:03:21.379 [main] INFO  Asset_tracker_post.post_003_getassets -  Asset Tracking : get assets api test starts
18:03:21.699 [main] INFO  Asset_tracker_post.post_003_getassets - Search with location ID 17
18:03:21.700 [main] INFO  Asset_tracker_post.post_003_getassets -  Successful response code received 
18:03:21.761 [main] INFO  Asset_tracker_post.post_003_getassets -  Asset code matched successfully 
18:03:21.810 [main] INFO  Asset_tracker_post.post_003_getassets -  Location ID matched successfully 
18:03:21.811 [main] INFO  Asset_tracker_post.post_003_getassets -  Test case passed 
18:03:21.898 [main] INFO  Asset_tracker_post.post_006_dumperdetailscount -  ================================================= 
18:03:21.898 [main] INFO  Asset_tracker_post.post_006_dumperdetailscount -  Asset Tracking : dumperdetailscount api test starts
18:03:22.238 [main] INFO  Asset_tracker_post.post_006_dumperdetailscount -  Successful response code received 
18:03:22.295 [main] INFO  Asset_tracker_post.post_006_dumperdetailscount - Response message matched
18:03:22.296 [main] INFO  Asset_tracker_post.post_006_dumperdetailscount - Test case pass
18:03:22.386 [main] INFO  Asset_tracker_post.post_007_durationofthetrip -  ================================================= 
18:03:22.387 [main] INFO  Asset_tracker_post.post_007_durationofthetrip -  Asset Tracking : durationofthetrip api test starts
18:03:22.707 [main] INFO  Asset_tracker_post.post_007_durationofthetrip -  Successful response code received 
18:03:22.766 [main] INFO  Asset_tracker_post.post_007_durationofthetrip - Response message matched
18:03:22.766 [main] INFO  Asset_tracker_post.post_007_durationofthetrip - Test case pass
18:22:06.429 [main] INFO  Asset_tracker_post.get_001_Dumper_details -  ================================================= 
18:22:06.434 [main] INFO  Asset_tracker_post.get_001_Dumper_details -  Asset Tracking : alldumperids api test starts
18:22:06.435 [main] INFO  Asset_tracker_post.get_001_Dumper_details -  Search with device ID 10009
18:22:10.809 [main] INFO  Asset_tracker_post.get_001_Dumper_details -  Successful response code received 
18:22:10.864 [main] INFO  Asset_tracker_post.get_001_Dumper_details -  Device ID matched successfully
18:22:10.926 [main] INFO  Asset_tracker_post.get_001_Dumper_details -  Device Category is matched with response
18:22:10.926 [main] INFO  Asset_tracker_post.get_001_Dumper_details -  Device MappingID is matched with response
18:22:10.926 [main] INFO  Asset_tracker_post.get_001_Dumper_details -  Test case passed 
18:22:11.058 [main] INFO  Asset_tracker_post.get_002_assetlocationsview -  ================================================= 
18:22:11.058 [main] INFO  Asset_tracker_post.get_002_assetlocationsview -  Asset Tracking : assetlocationsview api test starts
18:22:11.567 [main] INFO  Asset_tracker_post.get_002_assetlocationsview -  Successful response code received 
18:22:11.582 [main] INFO  Asset_tracker_post.get_002_assetlocationsview -  location ID matched successfully
18:22:11.617 [main] INFO  Asset_tracker_post.get_002_assetlocationsview -  location Description is matched with response
18:22:11.618 [main] INFO  Asset_tracker_post.get_002_assetlocationsview -  rFIDReaderCode is matched with response
18:22:11.618 [main] INFO  Asset_tracker_post.get_002_assetlocationsview -  chAntenna is matched with response
18:22:11.619 [main] INFO  Asset_tracker_post.get_002_assetlocationsview -  subch is matched with response
18:22:11.620 [main] INFO  Asset_tracker_post.get_002_assetlocationsview -  Test case passed 
18:22:11.719 [main] INFO  Asset_tracker_post.get_003_getlocations -  ================================================= 
18:22:11.719 [main] INFO  Asset_tracker_post.get_003_getlocations -  Asset Tracking : getlocations api test starts
18:22:12.111 [main] INFO  Asset_tracker_post.get_003_getlocations -  Successful response code received 
18:22:12.116 [main] INFO  Asset_tracker_post.get_003_getlocations -  location ID matched successfully
18:22:12.117 [main] INFO  Asset_tracker_post.get_003_getlocations -  location Description is matched with response
18:22:12.118 [main] INFO  Asset_tracker_post.get_003_getlocations -  rFIDReaderCode is matched with response
18:22:12.118 [main] INFO  Asset_tracker_post.get_003_getlocations -  chAntenna is matched with response
18:22:12.119 [main] INFO  Asset_tracker_post.get_003_getlocations -  subch is matched with response
18:22:12.119 [main] INFO  Asset_tracker_post.get_003_getlocations -  Test case passed 
18:22:12.189 [main] INFO  Asset_tracker_post.get_004_get_Assetview -  ================================================= 
18:22:12.189 [main] INFO  Asset_tracker_post.get_004_get_Assetview -  Asset Tracking : assetview api test starts
18:22:12.189 [main] INFO  Asset_tracker_post.get_004_get_Assetview -  Search with asset code astcode_119
18:22:12.551 [main] INFO  Asset_tracker_post.get_004_get_Assetview -  Successful response code received 
18:22:12.676 [main] INFO  Asset_tracker_post.get_004_get_Assetview -  response message as : asset details added successfully
18:22:12.711 [main] INFO  Asset_tracker_post.get_004_get_Assetview -  Asset code matched successfully
18:22:12.728 [main] INFO  Asset_tracker_post.get_004_get_Assetview - asset id is matched with response
18:22:12.729 [main] INFO  Asset_tracker_post.get_004_get_Assetview - asset description is matched with response
18:22:12.729 [main] INFO  Asset_tracker_post.get_004_get_Assetview - location Id is matched with response
18:22:12.732 [main] INFO  Asset_tracker_post.get_004_get_Assetview - status is matched with response
18:22:12.732 [main] INFO  Asset_tracker_post.get_004_get_Assetview -  Test case passed 
18:22:12.794 [main] INFO  Asset_tracker_post.get_005_get_assettrackingforui -  ================================================= 
18:22:12.794 [main] INFO  Asset_tracker_post.get_005_get_assettrackingforui -  Asset Tracking : assettrackingforui api test starts
18:22:12.794 [main] INFO  Asset_tracker_post.get_005_get_assettrackingforui -  Search with asset Code  astcode_112
18:22:13.207 [main] INFO  Asset_tracker_post.get_005_get_assettrackingforui -  Successful response code received 
18:22:13.265 [main] INFO  Asset_tracker_post.get_005_get_assettrackingforui -  asset Code matched successfully
18:22:13.294 [main] INFO  Asset_tracker_post.get_005_get_assettrackingforui -  room Id is matched with response
18:22:13.294 [main] INFO  Asset_tracker_post.get_005_get_assettrackingforui -  asset Description is matched with response
18:22:13.295 [main] INFO  Asset_tracker_post.get_005_get_assettrackingforui -  room is matched with response
18:22:13.295 [main] INFO  Asset_tracker_post.get_005_get_assettrackingforui -  Test case passed 
18:32:38.577 [main] INFO  Asset_tracker_post.get_001_Dumper_details -  ================================================= 
18:32:38.580 [main] INFO  Asset_tracker_post.get_001_Dumper_details -  Asset Tracking : alldumperids api test starts
18:32:38.580 [main] INFO  Asset_tracker_post.get_001_Dumper_details -  Search with device ID 10009
18:32:42.341 [main] INFO  Asset_tracker_post.get_001_Dumper_details -  Successful response code received 
18:32:42.385 [main] INFO  Asset_tracker_post.get_001_Dumper_details -  Device ID matched successfully
18:32:42.446 [main] INFO  Asset_tracker_post.get_001_Dumper_details -  Device Category is matched with response
18:32:42.447 [main] INFO  Asset_tracker_post.get_001_Dumper_details -  Device MappingID is matched with response
18:32:42.447 [main] INFO  Asset_tracker_post.get_001_Dumper_details -  Test case passed 
18:33:09.419 [main] INFO  Asset_tracker_post.get_001_Dumper_details -  ================================================= 
18:33:09.423 [main] INFO  Asset_tracker_post.get_001_Dumper_details -  Asset Tracking : alldumperids api test starts
18:33:09.423 [main] INFO  Asset_tracker_post.get_001_Dumper_details -  Search with device ID 10009
18:33:13.598 [main] INFO  Asset_tracker_post.get_001_Dumper_details -  Successful response code received 
18:33:13.648 [main] INFO  Asset_tracker_post.get_001_Dumper_details -  Device ID matched successfully
18:33:13.715 [main] INFO  Asset_tracker_post.get_001_Dumper_details -  Device Category is matched with response
18:33:13.715 [main] INFO  Asset_tracker_post.get_001_Dumper_details -  Device MappingID is matched with response
18:33:13.715 [main] INFO  Asset_tracker_post.get_001_Dumper_details -  Test case passed 
18:33:13.817 [main] INFO  Asset_tracker_post.get_002_assetlocationsview -  ================================================= 
18:33:13.817 [main] INFO  Asset_tracker_post.get_002_assetlocationsview -  Asset Tracking : assetlocationsview api test starts
18:33:14.322 [main] INFO  Asset_tracker_post.get_002_assetlocationsview -  Successful response code received 
18:33:14.337 [main] INFO  Asset_tracker_post.get_002_assetlocationsview -  location ID matched successfully
18:33:14.356 [main] INFO  Asset_tracker_post.get_002_assetlocationsview -  location Description is matched with response
18:33:14.356 [main] INFO  Asset_tracker_post.get_002_assetlocationsview -  rFIDReaderCode is matched with response
18:33:14.356 [main] INFO  Asset_tracker_post.get_002_assetlocationsview -  chAntenna is matched with response
18:33:14.357 [main] INFO  Asset_tracker_post.get_002_assetlocationsview -  subch is matched with response
18:33:14.357 [main] INFO  Asset_tracker_post.get_002_assetlocationsview -  Test case passed 
18:33:14.431 [main] INFO  Asset_tracker_post.get_003_getlocations -  ================================================= 
18:33:14.431 [main] INFO  Asset_tracker_post.get_003_getlocations -  Asset Tracking : getlocations api test starts
18:33:14.815 [main] INFO  Asset_tracker_post.get_003_getlocations -  Successful response code received 
18:33:14.816 [main] INFO  Asset_tracker_post.get_003_getlocations -  location ID matched successfully
18:33:14.817 [main] INFO  Asset_tracker_post.get_003_getlocations -  location Description is matched with response
18:33:14.818 [main] INFO  Asset_tracker_post.get_003_getlocations -  rFIDReaderCode is matched with response
18:33:14.818 [main] INFO  Asset_tracker_post.get_003_getlocations -  chAntenna is matched with response
18:33:14.818 [main] INFO  Asset_tracker_post.get_003_getlocations -  subch is matched with response
18:33:14.819 [main] INFO  Asset_tracker_post.get_003_getlocations -  Test case passed 
18:33:14.886 [main] INFO  Asset_tracker_post.get_004_get_Assetview -  ================================================= 
18:33:14.886 [main] INFO  Asset_tracker_post.get_004_get_Assetview -  Asset Tracking : assetview api test starts
18:33:14.888 [main] INFO  Asset_tracker_post.get_004_get_Assetview -  Search with asset code astcode_119
18:33:15.226 [main] INFO  Asset_tracker_post.get_004_get_Assetview -  Successful response code received 
18:33:15.333 [main] INFO  Asset_tracker_post.get_004_get_Assetview -  response message as : asset details added successfully
18:33:15.367 [main] INFO  Asset_tracker_post.get_004_get_Assetview -  Asset code matched successfully
18:33:15.381 [main] INFO  Asset_tracker_post.get_004_get_Assetview - asset id is matched with response
18:33:15.382 [main] INFO  Asset_tracker_post.get_004_get_Assetview - asset description is matched with response
18:33:15.382 [main] INFO  Asset_tracker_post.get_004_get_Assetview - location Id is matched with response
18:33:15.382 [main] INFO  Asset_tracker_post.get_004_get_Assetview - status is matched with response
18:33:15.383 [main] INFO  Asset_tracker_post.get_004_get_Assetview -  Test case passed 
18:33:15.436 [main] INFO  Asset_tracker_post.get_005_get_assettrackingforui -  ================================================= 
18:33:15.436 [main] INFO  Asset_tracker_post.get_005_get_assettrackingforui -  Asset Tracking : assettrackingforui api test starts
18:33:15.436 [main] INFO  Asset_tracker_post.get_005_get_assettrackingforui -  Search with asset Code  astcode_112
18:33:15.850 [main] INFO  Asset_tracker_post.get_005_get_assettrackingforui -  Successful response code received 
18:33:15.898 [main] INFO  Asset_tracker_post.get_005_get_assettrackingforui -  asset Code matched successfully
18:33:15.916 [main] INFO  Asset_tracker_post.get_005_get_assettrackingforui -  room Id is matched with response
18:33:15.916 [main] INFO  Asset_tracker_post.get_005_get_assettrackingforui -  asset Description is matched with response
18:33:15.916 [main] INFO  Asset_tracker_post.get_005_get_assettrackingforui -  room is matched with response
18:33:15.917 [main] INFO  Asset_tracker_post.get_005_get_assettrackingforui -  Test case passed 
18:41:04.347 [main] INFO  Asset_tracker_post.get_001_Dumper_details -  ================================================= 
18:41:04.351 [main] INFO  Asset_tracker_post.get_001_Dumper_details -  Asset Tracking : alldumperids api test starts
18:41:04.351 [main] INFO  Asset_tracker_post.get_001_Dumper_details -  Search with device ID 10009
18:41:08.100 [main] INFO  Asset_tracker_post.get_001_Dumper_details -  Successful response code received 
18:41:08.144 [main] INFO  Asset_tracker_post.get_001_Dumper_details -  Device ID matched successfully
18:41:08.204 [main] INFO  Asset_tracker_post.get_001_Dumper_details -  Device Category is matched with response
18:41:08.204 [main] INFO  Asset_tracker_post.get_001_Dumper_details -  Device MappingID is matched with response
18:41:08.205 [main] INFO  Asset_tracker_post.get_001_Dumper_details -  Test case passed 
18:41:23.689 [main] INFO  Asset_tracker_post.get_001_Dumper_details -  ================================================= 
18:41:23.694 [main] INFO  Asset_tracker_post.get_001_Dumper_details -  Asset Tracking : alldumperids api test starts
18:41:23.695 [main] INFO  Asset_tracker_post.get_001_Dumper_details -  Search with device ID 10009
18:41:27.222 [main] INFO  Asset_tracker_post.get_001_Dumper_details -  Successful response code received 
18:41:27.284 [main] INFO  Asset_tracker_post.get_001_Dumper_details -  Device ID matched successfully
18:41:27.359 [main] INFO  Asset_tracker_post.get_001_Dumper_details -  Device Category is matched with response
18:41:27.359 [main] INFO  Asset_tracker_post.get_001_Dumper_details -  Device MappingID is matched with response
18:41:27.359 [main] INFO  Asset_tracker_post.get_001_Dumper_details -  Test case passed 
18:41:27.446 [main] INFO  Asset_tracker_post.get_002_assetlocationsview -  ================================================= 
18:41:27.446 [main] INFO  Asset_tracker_post.get_002_assetlocationsview -  Asset Tracking : assetlocationsview api test starts
18:41:27.852 [main] INFO  Asset_tracker_post.get_002_assetlocationsview -  Successful response code received 
18:41:27.873 [main] INFO  Asset_tracker_post.get_002_assetlocationsview -  location ID matched successfully
18:41:27.889 [main] INFO  Asset_tracker_post.get_002_assetlocationsview -  location Description is matched with response
18:41:27.889 [main] INFO  Asset_tracker_post.get_002_assetlocationsview -  rFIDReaderCode is matched with response
18:41:27.889 [main] INFO  Asset_tracker_post.get_002_assetlocationsview -  chAntenna is matched with response
18:41:27.890 [main] INFO  Asset_tracker_post.get_002_assetlocationsview -  subch is matched with response
18:41:27.890 [main] INFO  Asset_tracker_post.get_002_assetlocationsview -  Test case passed 
18:41:28.005 [main] INFO  Asset_tracker_post.get_003_getlocations -  ================================================= 
18:41:28.005 [main] INFO  Asset_tracker_post.get_003_getlocations -  Asset Tracking : getlocations api test starts
18:41:28.359 [main] INFO  Asset_tracker_post.get_003_getlocations -  Successful response code received 
18:41:28.360 [main] INFO  Asset_tracker_post.get_003_getlocations -  location ID matched successfully
18:41:28.363 [main] INFO  Asset_tracker_post.get_003_getlocations -  location Description is matched with response
18:41:28.363 [main] INFO  Asset_tracker_post.get_003_getlocations -  rFIDReaderCode is matched with response
18:41:28.364 [main] INFO  Asset_tracker_post.get_003_getlocations -  chAntenna is matched with response
18:41:28.365 [main] INFO  Asset_tracker_post.get_003_getlocations -  subch is matched with response
18:41:28.365 [main] INFO  Asset_tracker_post.get_003_getlocations -  Test case passed 
18:41:28.444 [main] INFO  Asset_tracker_post.get_004_get_Assetview -  ================================================= 
18:41:28.445 [main] INFO  Asset_tracker_post.get_004_get_Assetview -  Asset Tracking : assetview api test starts
18:41:28.445 [main] INFO  Asset_tracker_post.get_004_get_Assetview -  Search with asset code astcode_119
18:41:28.888 [main] INFO  Asset_tracker_post.get_004_get_Assetview -  Successful response code received 
18:41:28.986 [main] INFO  Asset_tracker_post.get_004_get_Assetview -  response message as : asset details added successfully
18:41:29.017 [main] INFO  Asset_tracker_post.get_004_get_Assetview -  Asset code matched successfully
18:41:29.033 [main] INFO  Asset_tracker_post.get_004_get_Assetview - asset id is matched with response
18:41:29.034 [main] INFO  Asset_tracker_post.get_004_get_Assetview - asset description is matched with response
18:41:29.034 [main] INFO  Asset_tracker_post.get_004_get_Assetview - location Id is matched with response
18:41:29.034 [main] INFO  Asset_tracker_post.get_004_get_Assetview - status is matched with response
18:41:29.035 [main] INFO  Asset_tracker_post.get_004_get_Assetview -  Test case passed 
18:41:29.099 [main] INFO  Asset_tracker_post.get_005_get_assettrackingforui -  ================================================= 
18:41:29.099 [main] INFO  Asset_tracker_post.get_005_get_assettrackingforui -  Asset Tracking : assettrackingforui api test starts
18:41:29.099 [main] INFO  Asset_tracker_post.get_005_get_assettrackingforui -  Search with asset Code  astcode_112
18:41:29.443 [main] INFO  Asset_tracker_post.get_005_get_assettrackingforui -  Successful response code received 
18:41:29.502 [main] INFO  Asset_tracker_post.get_005_get_assettrackingforui -  asset Code matched successfully
18:41:29.518 [main] INFO  Asset_tracker_post.get_005_get_assettrackingforui -  room Id is matched with response
18:41:29.518 [main] INFO  Asset_tracker_post.get_005_get_assettrackingforui -  asset Description is matched with response
18:41:29.519 [main] INFO  Asset_tracker_post.get_005_get_assettrackingforui -  room is matched with response
18:41:29.519 [main] INFO  Asset_tracker_post.get_005_get_assettrackingforui -  Test case passed 
18:44:37.179 [main] INFO  Asset_tracker_post.get_001_Dumper_details -  ================================================= 
18:44:37.182 [main] INFO  Asset_tracker_post.get_001_Dumper_details -  Asset Tracking : alldumperids api test starts
18:44:37.182 [main] INFO  Asset_tracker_post.get_001_Dumper_details -  Search with device ID 10009
18:44:40.507 [main] INFO  Asset_tracker_post.get_001_Dumper_details -  Successful response code received 
18:44:40.565 [main] INFO  Asset_tracker_post.get_001_Dumper_details -  Device ID matched successfully
18:44:40.628 [main] INFO  Asset_tracker_post.get_001_Dumper_details -  Device Category is matched with response
18:44:40.629 [main] INFO  Asset_tracker_post.get_001_Dumper_details -  Device MappingID is matched with response
18:44:40.629 [main] INFO  Asset_tracker_post.get_001_Dumper_details -  Test case passed 
18:44:40.721 [main] INFO  Asset_tracker_post.get_002_assetlocationsview -  ================================================= 
18:44:40.721 [main] INFO  Asset_tracker_post.get_002_assetlocationsview -  Asset Tracking : assetlocationsview api test starts
18:44:40.892 [main] INFO  Asset_tracker_post.get_002_assetlocationsview -  Successful response code received 
18:44:40.908 [main] INFO  Asset_tracker_post.get_002_assetlocationsview -  location ID matched successfully
18:44:40.928 [main] INFO  Asset_tracker_post.get_002_assetlocationsview -  location Description is matched with response
18:44:40.929 [main] INFO  Asset_tracker_post.get_002_assetlocationsview -  rFIDReaderCode is matched with response
18:44:40.929 [main] INFO  Asset_tracker_post.get_002_assetlocationsview -  chAntenna is matched with response
18:44:40.929 [main] INFO  Asset_tracker_post.get_002_assetlocationsview -  subch is matched with response
18:44:40.930 [main] INFO  Asset_tracker_post.get_002_assetlocationsview -  Test case passed 
18:44:41.040 [main] INFO  Asset_tracker_post.get_003_getlocations -  ================================================= 
18:44:41.040 [main] INFO  Asset_tracker_post.get_003_getlocations -  Asset Tracking : getlocations api test starts
18:44:41.132 [main] INFO  Asset_tracker_post.get_003_getlocations -  Successful response code received 
18:44:41.133 [main] INFO  Asset_tracker_post.get_003_getlocations -  location ID matched successfully
18:44:41.133 [main] INFO  Asset_tracker_post.get_003_getlocations -  location Description is matched with response
18:44:41.134 [main] INFO  Asset_tracker_post.get_003_getlocations -  rFIDReaderCode is matched with response
18:44:41.134 [main] INFO  Asset_tracker_post.get_003_getlocations -  chAntenna is matched with response
18:44:41.135 [main] INFO  Asset_tracker_post.get_003_getlocations -  subch is matched with response
18:44:41.135 [main] INFO  Asset_tracker_post.get_003_getlocations -  Test case passed 
18:44:41.204 [main] INFO  Asset_tracker_post.get_004_get_Assetview -  ================================================= 
18:44:41.204 [main] INFO  Asset_tracker_post.get_004_get_Assetview -  Asset Tracking : assetview api test starts
18:44:41.205 [main] INFO  Asset_tracker_post.get_004_get_Assetview -  Search with asset code astcode_119
18:44:41.278 [main] INFO  Asset_tracker_post.get_004_get_Assetview -  Successful response code received 
18:44:41.372 [main] INFO  Asset_tracker_post.get_004_get_Assetview -  response message as : asset details added successfully
18:44:41.400 [main] INFO  Asset_tracker_post.get_004_get_Assetview -  Asset code matched successfully
18:44:41.417 [main] INFO  Asset_tracker_post.get_004_get_Assetview - asset id is matched with response
18:44:41.418 [main] INFO  Asset_tracker_post.get_004_get_Assetview - asset description is matched with response
18:44:41.418 [main] INFO  Asset_tracker_post.get_004_get_Assetview - location Id is matched with response
18:44:41.419 [main] INFO  Asset_tracker_post.get_004_get_Assetview - status is matched with response
18:44:41.419 [main] INFO  Asset_tracker_post.get_004_get_Assetview -  Test case passed 
18:44:41.503 [main] INFO  Asset_tracker_post.get_005_get_assettrackingforui -  ================================================= 
18:44:41.503 [main] INFO  Asset_tracker_post.get_005_get_assettrackingforui -  Asset Tracking : assettrackingforui api test starts
18:44:41.503 [main] INFO  Asset_tracker_post.get_005_get_assettrackingforui -  Search with asset Code  astcode_112
18:44:41.606 [main] INFO  Asset_tracker_post.get_005_get_assettrackingforui -  Successful response code received 
18:44:41.650 [main] INFO  Asset_tracker_post.get_005_get_assettrackingforui -  asset Code matched successfully
18:44:41.668 [main] INFO  Asset_tracker_post.get_005_get_assettrackingforui -  room Id is matched with response
18:44:41.669 [main] INFO  Asset_tracker_post.get_005_get_assettrackingforui -  asset Description is matched with response
18:44:41.669 [main] INFO  Asset_tracker_post.get_005_get_assettrackingforui -  room is matched with response
18:44:41.671 [main] INFO  Asset_tracker_post.get_005_get_assettrackingforui -  Test case passed 
10:33:17.924 [main] INFO  Asset_tracker_post.get_001_Dumper_details -  ================================================= 
10:33:17.928 [main] INFO  Asset_tracker_post.get_001_Dumper_details -  Asset Tracking : alldumperids api test starts
10:33:17.928 [main] INFO  Asset_tracker_post.get_001_Dumper_details -  Search with device ID 10009
10:33:22.609 [main] INFO  Asset_tracker_post.get_001_Dumper_details -  Successful response code received 
10:33:22.673 [main] INFO  Asset_tracker_post.get_001_Dumper_details -  Device ID matched successfully
10:33:22.751 [main] INFO  Asset_tracker_post.get_001_Dumper_details -  Device Category is matched with response
10:33:22.753 [main] INFO  Asset_tracker_post.get_001_Dumper_details -  Device MappingID is matched with response
10:33:22.753 [main] INFO  Asset_tracker_post.get_001_Dumper_details -  Test case passed 
10:33:22.853 [main] INFO  Asset_tracker_post.get_002_assetlocationsview -  ================================================= 
10:33:22.853 [main] INFO  Asset_tracker_post.get_002_assetlocationsview -  Asset Tracking : assetlocationsview api test starts
10:33:23.292 [main] INFO  Asset_tracker_post.get_002_assetlocationsview -  Successful response code received 
10:33:23.310 [main] INFO  Asset_tracker_post.get_002_assetlocationsview -  location ID matched successfully
10:33:23.340 [main] INFO  Asset_tracker_post.get_002_assetlocationsview -  location Description is matched with response
10:33:23.340 [main] INFO  Asset_tracker_post.get_002_assetlocationsview -  rFIDReaderCode is matched with response
10:33:23.341 [main] INFO  Asset_tracker_post.get_002_assetlocationsview -  chAntenna is matched with response
10:33:23.342 [main] INFO  Asset_tracker_post.get_002_assetlocationsview -  subch is matched with response
10:33:23.342 [main] INFO  Asset_tracker_post.get_002_assetlocationsview -  Test case passed 
10:45:07.513 [main] INFO  Asset_tracker_post.get_001_Dumper_details -  ================================================= 
10:45:07.516 [main] INFO  Asset_tracker_post.get_001_Dumper_details -  Asset Tracking : alldumperids api test starts
10:45:07.516 [main] INFO  Asset_tracker_post.get_001_Dumper_details -  Search with device ID 10009
10:45:11.883 [main] INFO  Asset_tracker_post.get_001_Dumper_details -  Successful response code received 
10:45:11.947 [main] INFO  Asset_tracker_post.get_001_Dumper_details -  Device ID matched successfully
10:45:12.016 [main] INFO  Asset_tracker_post.get_001_Dumper_details -  Device Category is matched with response
10:45:12.017 [main] INFO  Asset_tracker_post.get_001_Dumper_details -  Device MappingID is matched with response
10:45:12.017 [main] INFO  Asset_tracker_post.get_001_Dumper_details -  Test case passed 
10:45:33.007 [main] INFO  Asset_tracker_post.get_001_Dumper_details -  ================================================= 
10:45:33.010 [main] INFO  Asset_tracker_post.get_001_Dumper_details -  Asset Tracking : alldumperids api test starts
10:45:33.010 [main] INFO  Asset_tracker_post.get_001_Dumper_details -  Search with device ID 10009
10:45:36.653 [main] INFO  Asset_tracker_post.get_001_Dumper_details -  Successful response code received 
10:45:36.739 [main] INFO  Asset_tracker_post.get_001_Dumper_details -  Device ID matched successfully
10:45:36.831 [main] INFO  Asset_tracker_post.get_001_Dumper_details -  Device Category is matched with response
10:45:36.831 [main] INFO  Asset_tracker_post.get_001_Dumper_details -  Device MappingID is matched with response
10:45:36.832 [main] INFO  Asset_tracker_post.get_001_Dumper_details -  Test case passed 
10:45:36.966 [main] INFO  Asset_tracker_post.get_002_assetlocationsview -  ================================================= 
10:45:36.966 [main] INFO  Asset_tracker_post.get_002_assetlocationsview -  Asset Tracking : assetlocationsview api test starts
10:45:37.477 [main] INFO  Asset_tracker_post.get_002_assetlocationsview -  Successful response code received 
10:45:37.504 [main] INFO  Asset_tracker_post.get_002_assetlocationsview -  location ID matched successfully
10:45:37.532 [main] INFO  Asset_tracker_post.get_002_assetlocationsview -  location Description is matched with response
10:45:37.534 [main] INFO  Asset_tracker_post.get_002_assetlocationsview -  rFIDReaderCode is matched with response
10:45:37.534 [main] INFO  Asset_tracker_post.get_002_assetlocationsview -  chAntenna is matched with response
10:45:37.535 [main] INFO  Asset_tracker_post.get_002_assetlocationsview -  subch is matched with response
10:45:37.536 [main] INFO  Asset_tracker_post.get_002_assetlocationsview -  Test case passed 
10:47:27.487 [main] INFO  Asset_tracker_post.get_001_Dumper_details -  ================================================= 
10:47:27.491 [main] INFO  Asset_tracker_post.get_001_Dumper_details -  Asset Tracking : alldumperids api test starts
10:47:27.491 [main] INFO  Asset_tracker_post.get_001_Dumper_details -  Search with device ID 10009
10:47:31.017 [main] INFO  Asset_tracker_post.get_001_Dumper_details -  Successful response code received 
10:47:31.061 [main] INFO  Asset_tracker_post.get_001_Dumper_details -  Device ID matched successfully
10:47:31.145 [main] INFO  Asset_tracker_post.get_001_Dumper_details -  Device Category is matched with response
10:47:31.146 [main] INFO  Asset_tracker_post.get_001_Dumper_details -  Device MappingID is matched with response
10:47:31.146 [main] INFO  Asset_tracker_post.get_001_Dumper_details -  Test case passed 
10:47:31.247 [main] INFO  Asset_tracker_post.get_002_assetlocationsview -  ================================================= 
10:47:31.247 [main] INFO  Asset_tracker_post.get_002_assetlocationsview -  Asset Tracking : assetlocationsview api test starts
10:47:31.419 [main] INFO  Asset_tracker_post.get_002_assetlocationsview -  Successful response code received 
10:47:31.435 [main] INFO  Asset_tracker_post.get_002_assetlocationsview -  location ID matched successfully
10:47:31.457 [main] INFO  Asset_tracker_post.get_002_assetlocationsview -  location Description is matched with response
10:47:31.457 [main] INFO  Asset_tracker_post.get_002_assetlocationsview -  rFIDReaderCode is matched with response
10:47:31.458 [main] INFO  Asset_tracker_post.get_002_assetlocationsview -  chAntenna is matched with response
10:47:31.458 [main] INFO  Asset_tracker_post.get_002_assetlocationsview -  subch is matched with response
10:47:31.458 [main] INFO  Asset_tracker_post.get_002_assetlocationsview -  Test case passed 
10:52:26.135 [main] INFO  Asset_tracker_post.get_001_Dumper_details -  ================================================= 
10:52:26.138 [main] INFO  Asset_tracker_post.get_001_Dumper_details -  Asset Tracking : alldumperids api test starts
10:52:26.139 [main] INFO  Asset_tracker_post.get_001_Dumper_details -  Search with device ID 10009
10:52:30.219 [main] INFO  Asset_tracker_post.get_001_Dumper_details -  Successful response code received 
10:52:30.273 [main] INFO  Asset_tracker_post.get_001_Dumper_details -  Device ID matched successfully
10:52:30.339 [main] INFO  Asset_tracker_post.get_001_Dumper_details -  Device Category is matched with response
10:52:30.340 [main] INFO  Asset_tracker_post.get_001_Dumper_details -  Device MappingID is matched with response
10:52:30.340 [main] INFO  Asset_tracker_post.get_001_Dumper_details -  Test case passed 
10:52:30.436 [main] INFO  Asset_tracker_post.get_002_assetlocationsview -  ================================================= 
10:52:30.436 [main] INFO  Asset_tracker_post.get_002_assetlocationsview -  Asset Tracking : assetlocationsview api test starts
10:52:31.000 [main] INFO  Asset_tracker_post.get_002_assetlocationsview -  Successful response code received 
10:52:31.020 [main] INFO  Asset_tracker_post.get_002_assetlocationsview -  location ID matched successfully
10:52:31.042 [main] INFO  Asset_tracker_post.get_002_assetlocationsview -  location Description is matched with response
10:52:31.044 [main] INFO  Asset_tracker_post.get_002_assetlocationsview -  rFIDReaderCode is matched with response
10:52:31.045 [main] INFO  Asset_tracker_post.get_002_assetlocationsview -  chAntenna is matched with response
10:52:31.046 [main] INFO  Asset_tracker_post.get_002_assetlocationsview -  subch is matched with response
10:52:31.048 [main] INFO  Asset_tracker_post.get_002_assetlocationsview -  Test case passed 
10:55:28.678 [main] INFO  Asset_tracker_post.get_001_Dumper_details -  ================================================= 
10:55:28.685 [main] INFO  Asset_tracker_post.get_001_Dumper_details -  Asset Tracking : alldumperids api test starts
10:55:28.685 [main] INFO  Asset_tracker_post.get_001_Dumper_details -  Search with device ID 10009
10:55:35.360 [main] INFO  Asset_tracker_post.get_001_Dumper_details -  Successful response code received 
10:55:35.493 [main] INFO  Asset_tracker_post.get_001_Dumper_details -  Device ID matched successfully
10:55:35.618 [main] INFO  Asset_tracker_post.get_001_Dumper_details -  Device Category is matched with response
10:55:35.618 [main] INFO  Asset_tracker_post.get_001_Dumper_details -  Device MappingID is matched with response
10:55:35.619 [main] INFO  Asset_tracker_post.get_001_Dumper_details -  Test case passed 
