10:55:35.896 [main] INFO  Asset_tracker_post.get_002_assetlocationsview -  ================================================= 
10:55:35.944 [main] INFO  Asset_tracker_post.get_002_assetlocationsview -  Asset Tracking : assetlocationsview api test starts
10:55:36.355 [main] INFO  Asset_tracker_post.get_002_assetlocationsview -  Successful response code received 
10:55:36.392 [main] INFO  Asset_tracker_post.get_002_assetlocationsview -  location ID matched successfully
10:55:36.455 [main] INFO  Asset_tracker_post.get_002_assetlocationsview -  location Description is matched with response
10:55:36.457 [main] INFO  Asset_tracker_post.get_002_assetlocationsview -  rFIDReaderCode is matched with response
10:55:36.458 [main] INFO  Asset_tracker_post.get_002_assetlocationsview -  chAntenna is matched with response
10:55:36.460 [main] INFO  Asset_tracker_post.get_002_assetlocationsview -  subch is matched with response
10:55:36.460 [main] INFO  Asset_tracker_post.get_002_assetlocationsview -  Test case passed 
11:16:21.796 [main] INFO  Asset_tracker_post.get_001_Dumper_details -  ================================================= 
11:16:21.799 [main] INFO  Asset_tracker_post.get_001_Dumper_details -  Asset Tracking : alldumperids api test starts
11:16:21.799 [main] INFO  Asset_tracker_post.get_001_Dumper_details -  Search with device ID 10009
11:16:25.751 [main] INFO  Asset_tracker_post.get_001_Dumper_details -  Successful response code received 
11:16:25.802 [main] INFO  Asset_tracker_post.get_001_Dumper_details -  Device ID matched successfully
11:16:25.867 [main] INFO  Asset_tracker_post.get_001_Dumper_details -  Device Category is matched with response
11:16:25.867 [main] INFO  Asset_tracker_post.get_001_Dumper_details -  Device MappingID is matched with response
11:16:25.868 [main] INFO  Asset_tracker_post.get_001_Dumper_details -  Test case passed 
11:16:25.970 [main] INFO  Asset_tracker_post.get_002_assetlocationsview -  ================================================= 
11:16:25.970 [main] INFO  Asset_tracker_post.get_002_assetlocationsview -  Asset Tracking : assetlocationsview api test starts
11:16:26.460 [main] INFO  Asset_tracker_post.get_002_assetlocationsview -  Successful response code received 
11:16:26.475 [main] INFO  Asset_tracker_post.get_002_assetlocationsview -  location ID matched successfully
11:16:26.493 [main] INFO  Asset_tracker_post.get_002_assetlocationsview -  location Description is matched with response
11:16:26.493 [main] INFO  Asset_tracker_post.get_002_assetlocationsview -  rFIDReaderCode is matched with response
11:16:26.494 [main] INFO  Asset_tracker_post.get_002_assetlocationsview -  chAntenna is matched with response
11:16:26.494 [main] INFO  Asset_tracker_post.get_002_assetlocationsview -  subch is matched with response
11:16:26.495 [main] INFO  Asset_tracker_post.get_002_assetlocationsview -  Test case passed 
11:19:01.994 [main] INFO  Asset_tracker_post.get_001_Dumper_details -  ================================================= 
11:19:01.999 [main] INFO  Asset_tracker_post.get_001_Dumper_details -  Asset Tracking : alldumperids api test starts
11:19:01.999 [main] INFO  Asset_tracker_post.get_001_Dumper_details -  Search with device ID 10009
11:19:07.974 [main] INFO  Asset_tracker_post.get_001_Dumper_details -  Successful response code received 
11:19:08.071 [main] INFO  Asset_tracker_post.get_001_Dumper_details -  Device ID matched successfully
11:19:08.169 [main] INFO  Asset_tracker_post.get_001_Dumper_details -  Device Category is matched with response
11:19:08.170 [main] INFO  Asset_tracker_post.get_001_Dumper_details -  Device MappingID is matched with response
11:19:08.170 [main] INFO  Asset_tracker_post.get_001_Dumper_details -  Test case passed 
11:19:08.338 [main] INFO  Asset_tracker_post.get_002_assetlocationsview -  ================================================= 
11:19:08.338 [main] INFO  Asset_tracker_post.get_002_assetlocationsview -  Asset Tracking : assetlocationsview api test starts
11:19:08.602 [main] INFO  Asset_tracker_post.get_002_assetlocationsview -  Successful response code received 
11:19:08.644 [main] INFO  Asset_tracker_post.get_002_assetlocationsview -  location ID matched successfully
11:19:08.672 [main] INFO  Asset_tracker_post.get_002_assetlocationsview -  location Description is matched with response
11:19:08.672 [main] INFO  Asset_tracker_post.get_002_assetlocationsview -  rFIDReaderCode is matched with response
11:19:08.674 [main] INFO  Asset_tracker_post.get_002_assetlocationsview -  chAntenna is matched with response
11:19:08.674 [main] INFO  Asset_tracker_post.get_002_assetlocationsview -  subch is matched with response
11:19:08.677 [main] INFO  Asset_tracker_post.get_002_assetlocationsview -  Test case passed 
11:33:30.193 [main] INFO  Asset_tracker_post.get_001_Dumper_details -  ================================================= 
11:33:30.196 [main] INFO  Asset_tracker_post.get_001_Dumper_details -  Asset Tracking : alldumperids api test starts
11:33:30.196 [main] INFO  Asset_tracker_post.get_001_Dumper_details -  Search with device ID 10009
11:33:34.179 [main] INFO  Asset_tracker_post.get_001_Dumper_details -  Successful response code received 
11:33:34.233 [main] INFO  Asset_tracker_post.get_001_Dumper_details -  Device ID matched successfully
11:33:34.290 [main] INFO  Asset_tracker_post.get_001_Dumper_details -  Device Category is matched with response
11:33:34.290 [main] INFO  Asset_tracker_post.get_001_Dumper_details -  Device MappingID is matched with response
11:33:34.291 [main] INFO  Asset_tracker_post.get_001_Dumper_details -  Test case passed 
11:33:34.402 [main] INFO  Asset_tracker_post.get_002_assetlocationsview -  ================================================= 
11:33:34.402 [main] INFO  Asset_tracker_post.get_002_assetlocationsview -  Asset Tracking : assetlocationsview api test starts
11:33:34.862 [main] INFO  Asset_tracker_post.get_002_assetlocationsview -  Successful response code received 
11:33:34.876 [main] INFO  Asset_tracker_post.get_002_assetlocationsview -  location ID matched successfully
11:33:34.897 [main] INFO  Asset_tracker_post.get_002_assetlocationsview -  location Description is matched with response
11:33:34.898 [main] INFO  Asset_tracker_post.get_002_assetlocationsview -  rFIDReaderCode is matched with response
11:33:34.899 [main] INFO  Asset_tracker_post.get_002_assetlocationsview -  chAntenna is matched with response
11:33:34.899 [main] INFO  Asset_tracker_post.get_002_assetlocationsview -  subch is matched with response
11:33:34.900 [main] INFO  Asset_tracker_post.get_002_assetlocationsview -  Test case passed 
11:33:34.973 [main] INFO  Asset_tracker_post.get_003_getlocations -  ================================================= 
11:33:34.973 [main] INFO  Asset_tracker_post.get_003_getlocations -  Asset Tracking : getlocations api test starts
11:33:35.361 [main] INFO  Asset_tracker_post.get_003_getlocations -  Successful response code received 
11:33:35.363 [main] INFO  Asset_tracker_post.get_003_getlocations -  location ID matched successfully
11:33:35.363 [main] INFO  Asset_tracker_post.get_003_getlocations -  location Description is matched with response
11:33:35.364 [main] INFO  Asset_tracker_post.get_003_getlocations -  rFIDReaderCode is matched with response
11:33:35.365 [main] INFO  Asset_tracker_post.get_003_getlocations -  chAntenna is matched with response
11:33:35.365 [main] INFO  Asset_tracker_post.get_003_getlocations -  subch is matched with response
11:33:35.366 [main] INFO  Asset_tracker_post.get_003_getlocations -  Test case passed 
11:33:35.429 [main] INFO  Asset_tracker_post.get_004_get_Assetview -  ================================================= 
11:33:35.429 [main] INFO  Asset_tracker_post.get_004_get_Assetview -  Asset Tracking : assetview api test starts
11:33:35.430 [main] INFO  Asset_tracker_post.get_004_get_Assetview -  Search with asset code astcode_119
11:33:35.758 [main] INFO  Asset_tracker_post.get_004_get_Assetview -  Successful response code received 
11:33:35.850 [main] INFO  Asset_tracker_post.get_004_get_Assetview -  response message as : asset details added successfully
11:33:35.879 [main] INFO  Asset_tracker_post.get_004_get_Assetview -  Asset code matched successfully
11:33:35.895 [main] INFO  Asset_tracker_post.get_004_get_Assetview - asset id is matched with response
11:33:35.896 [main] INFO  Asset_tracker_post.get_004_get_Assetview - asset description is matched with response
11:33:35.896 [main] INFO  Asset_tracker_post.get_004_get_Assetview - location Id is matched with response
11:33:35.897 [main] INFO  Asset_tracker_post.get_004_get_Assetview - status is matched with response
11:33:35.897 [main] INFO  Asset_tracker_post.get_004_get_Assetview -  Test case passed 
11:33:35.964 [main] INFO  Asset_tracker_post.get_005_get_assettrackingforui -  ================================================= 
11:33:35.964 [main] INFO  Asset_tracker_post.get_005_get_assettrackingforui -  Asset Tracking : assettrackingforui api test starts
11:33:35.964 [main] INFO  Asset_tracker_post.get_005_get_assettrackingforui -  Search with asset Code  astcode_112
11:33:36.387 [main] INFO  Asset_tracker_post.get_005_get_assettrackingforui -  Successful response code received 
11:33:36.430 [main] INFO  Asset_tracker_post.get_005_get_assettrackingforui -  asset Code matched successfully
11:33:36.448 [main] INFO  Asset_tracker_post.get_005_get_assettrackingforui -  room Id is matched with response
11:33:36.449 [main] INFO  Asset_tracker_post.get_005_get_assettrackingforui -  asset Description is matched with response
11:33:36.450 [main] INFO  Asset_tracker_post.get_005_get_assettrackingforui -  room is matched with response
11:33:36.450 [main] INFO  Asset_tracker_post.get_005_get_assettrackingforui -  Test case passed 
11:33:36.535 [main] INFO  Asset_tracker_post.post_001_assetlocationsadding -  ================================================= 
11:33:36.535 [main] INFO  Asset_tracker_post.post_001_assetlocationsadding -  Asset Tracking : assetlocationsadding api test starts
11:33:36.886 [main] INFO  Asset_tracker_post.post_001_assetlocationsadding -  Successful response code received 
11:33:36.952 [main] INFO  Asset_tracker_post.post_001_assetlocationsadding -  response message as : asset Location saved successfully
11:33:36.953 [main] INFO  Asset_tracker_post.post_001_assetlocationsadding -  Asset location ID 56 created
11:33:36.953 [main] INFO  Asset_tracker_post.post_001_assetlocationsadding - Entered location description is matched with response
11:33:36.953 [main] INFO  Asset_tracker_post.post_001_assetlocationsadding - Entered rFIDReaderCode is matched with response
11:33:36.953 [main] INFO  Asset_tracker_post.post_001_assetlocationsadding - Entered chAntenna is matched with response
11:33:36.954 [main] INFO  Asset_tracker_post.post_001_assetlocationsadding - Entered subch is matched with response
11:33:36.954 [main] INFO  Asset_tracker_post.post_001_assetlocationsadding -  Test case passed 
11:33:37.057 [main] INFO  Asset_tracker_post.post_002_AssetAdd -  ================================================= 
11:33:37.057 [main] INFO  Asset_tracker_post.post_002_AssetAdd -  Asset Tracking : assetadding api test starts
11:33:37.374 [main] INFO  Asset_tracker_post.post_002_AssetAdd -  Successful response code received 
11:33:37.439 [main] INFO  Asset_tracker_post.post_002_AssetAdd -  response message as : asset details added successfully
11:33:37.440 [main] INFO  Asset_tracker_post.post_002_AssetAdd -  Asset location ID 44 created
11:33:37.440 [main] INFO  Asset_tracker_post.post_002_AssetAdd - Entered asset Code is matched with response
11:33:37.440 [main] INFO  Asset_tracker_post.post_002_AssetAdd - Entered asset description is matched with response
11:33:37.441 [main] INFO  Asset_tracker_post.post_002_AssetAdd - Entered location Id is matched with response
11:33:37.441 [main] INFO  Asset_tracker_post.post_002_AssetAdd - Entered status is matched with response
11:33:37.442 [main] INFO  Asset_tracker_post.post_002_AssetAdd -  Test case passed 
11:33:37.502 [main] INFO  Asset_tracker_post.post_003_getassets -  ================================================= 
11:33:37.502 [main] INFO  Asset_tracker_post.post_003_getassets -  Asset Tracking : get assets api test starts
11:33:37.828 [main] INFO  Asset_tracker_post.post_003_getassets - Search with location ID 17
11:33:37.829 [main] INFO  Asset_tracker_post.post_003_getassets -  Successful response code received 
11:33:37.896 [main] INFO  Asset_tracker_post.post_003_getassets -  Asset code matched successfully 
11:33:37.955 [main] INFO  Asset_tracker_post.post_003_getassets -  Location ID matched successfully 
11:33:37.956 [main] INFO  Asset_tracker_post.post_003_getassets -  Test case passed 
11:33:38.021 [main] INFO  Asset_tracker_post.post_004_assettracking -  ================================================= 
11:33:38.021 [main] INFO  Asset_tracker_post.post_004_assettracking -  Asset Tracking : assettracking api test starts
11:33:38.365 [main] INFO  Asset_tracker_post.post_004_assettracking -  Successful response code received 
11:33:38.421 [main] INFO  Asset_tracker_post.post_004_assettracking -  response message as : Success
11:33:38.422 [main] INFO  Asset_tracker_post.post_004_assettracking -  Test case passed 
11:33:38.515 [main] INFO  Asset_tracker_post.post_006_dumperdetailscount -  ================================================= 
11:33:38.516 [main] INFO  Asset_tracker_post.post_006_dumperdetailscount -  Asset Tracking : dumperdetailscount api test starts
11:33:38.863 [main] INFO  Asset_tracker_post.post_006_dumperdetailscount -  Successful response code received 
11:33:38.906 [main] INFO  Asset_tracker_post.post_006_dumperdetailscount - Response message matched
11:33:38.907 [main] INFO  Asset_tracker_post.post_006_dumperdetailscount - Test case pass
11:33:38.968 [main] INFO  Asset_tracker_post.post_007_durationofthetrip -  ================================================= 
11:33:38.969 [main] INFO  Asset_tracker_post.post_007_durationofthetrip -  Asset Tracking : durationofthetrip api test starts
11:33:39.286 [main] INFO  Asset_tracker_post.post_007_durationofthetrip -  Successful response code received 
11:33:39.402 [main] INFO  Asset_tracker_post.post_007_durationofthetrip - Response message matched
11:33:39.402 [main] INFO  Asset_tracker_post.post_007_durationofthetrip - Test case pass
18:18:04.951 [main] INFO  Asset_tracker_post.get_001_Dumper_details -  ================================================= 
18:18:04.957 [main] INFO  Asset_tracker_post.get_001_Dumper_details -  Asset Tracking : alldumperids api test starts
18:18:04.957 [main] INFO  Asset_tracker_post.get_001_Dumper_details -  Search with device ID 10009
18:18:10.152 [main] INFO  Asset_tracker_post.get_001_Dumper_details -  Successful response code received 
18:18:10.232 [main] INFO  Asset_tracker_post.get_001_Dumper_details -  Device ID matched successfully
18:18:10.330 [main] INFO  Asset_tracker_post.get_001_Dumper_details -  Device Category is matched with response
18:18:10.331 [main] INFO  Asset_tracker_post.get_001_Dumper_details -  Device MappingID is matched with response
18:18:10.331 [main] INFO  Asset_tracker_post.get_001_Dumper_details -  Test case passed 
18:18:10.438 [main] INFO  Asset_tracker_post.get_002_assetlocationsview -  ================================================= 
18:18:10.439 [main] INFO  Asset_tracker_post.get_002_assetlocationsview -  Asset Tracking : assetlocationsview api test starts
18:18:11.152 [main] INFO  Asset_tracker_post.get_002_assetlocationsview -  Successful response code received 
18:18:11.165 [main] INFO  Asset_tracker_post.get_002_assetlocationsview -  location ID matched successfully
18:18:11.181 [main] INFO  Asset_tracker_post.get_002_assetlocationsview -  location Description is matched with response
18:18:11.182 [main] INFO  Asset_tracker_post.get_002_assetlocationsview -  rFIDReaderCode is matched with response
18:18:11.183 [main] INFO  Asset_tracker_post.get_002_assetlocationsview -  chAntenna is matched with response
18:18:11.184 [main] INFO  Asset_tracker_post.get_002_assetlocationsview -  subch is matched with response
18:18:11.184 [main] INFO  Asset_tracker_post.get_002_assetlocationsview -  Test case passed 
18:18:11.251 [main] INFO  Asset_tracker_post.get_003_getlocations -  ================================================= 
18:18:11.252 [main] INFO  Asset_tracker_post.get_003_getlocations -  Asset Tracking : getlocations api test starts
18:18:11.693 [main] INFO  Asset_tracker_post.get_003_getlocations -  Successful response code received 
18:18:11.694 [main] INFO  Asset_tracker_post.get_003_getlocations -  location ID matched successfully
18:18:11.695 [main] INFO  Asset_tracker_post.get_003_getlocations -  location Description is matched with response
18:18:11.696 [main] INFO  Asset_tracker_post.get_003_getlocations -  rFIDReaderCode is matched with response
18:18:11.697 [main] INFO  Asset_tracker_post.get_003_getlocations -  chAntenna is matched with response
18:18:11.697 [main] INFO  Asset_tracker_post.get_003_getlocations -  subch is matched with response
18:18:11.698 [main] INFO  Asset_tracker_post.get_003_getlocations -  Test case passed 
18:18:11.757 [main] INFO  Asset_tracker_post.get_004_get_Assetview -  ================================================= 
18:18:11.757 [main] INFO  Asset_tracker_post.get_004_get_Assetview -  Asset Tracking : assetview api test starts
18:18:11.757 [main] INFO  Asset_tracker_post.get_004_get_Assetview -  Search with asset code astcode_119
18:18:12.184 [main] INFO  Asset_tracker_post.get_004_get_Assetview -  Successful response code received 
18:18:12.269 [main] INFO  Asset_tracker_post.get_004_get_Assetview -  response message as : asset details added successfully
18:18:12.315 [main] INFO  Asset_tracker_post.get_004_get_Assetview -  Asset code matched successfully
18:18:12.330 [main] INFO  Asset_tracker_post.get_004_get_Assetview - asset id is matched with response
18:18:12.330 [main] INFO  Asset_tracker_post.get_004_get_Assetview - asset description is matched with response
18:18:12.331 [main] INFO  Asset_tracker_post.get_004_get_Assetview - location Id is matched with response
18:18:12.331 [main] INFO  Asset_tracker_post.get_004_get_Assetview - status is matched with response
18:18:12.332 [main] INFO  Asset_tracker_post.get_004_get_Assetview -  Test case passed 
18:18:12.402 [main] INFO  Asset_tracker_post.get_005_get_assettrackingforui -  ================================================= 
18:18:12.402 [main] INFO  Asset_tracker_post.get_005_get_assettrackingforui -  Asset Tracking : assettrackingforui api test starts
18:18:12.403 [main] INFO  Asset_tracker_post.get_005_get_assettrackingforui -  Search with asset Code  astcode_112
18:18:13.385 [main] INFO  Asset_tracker_post.get_005_get_assettrackingforui -  Successful response code received 
18:18:13.436 [main] INFO  Asset_tracker_post.get_005_get_assettrackingforui -  asset Code matched successfully
18:18:13.449 [main] INFO  Asset_tracker_post.get_005_get_assettrackingforui -  room Id is matched with response
18:18:13.450 [main] INFO  Asset_tracker_post.get_005_get_assettrackingforui -  asset Description is matched with response
18:18:13.450 [main] INFO  Asset_tracker_post.get_005_get_assettrackingforui -  room is matched with response
18:18:13.451 [main] INFO  Asset_tracker_post.get_005_get_assettrackingforui -  Test case passed 
18:18:13.539 [main] INFO  Asset_tracker_post.post_001_assetlocationsadding -  ================================================= 
18:18:13.539 [main] INFO  Asset_tracker_post.post_001_assetlocationsadding -  Asset Tracking : assetlocationsadding api test starts
18:18:14.029 [main] INFO  Asset_tracker_post.post_001_assetlocationsadding -  Successful response code received 
18:18:14.077 [main] INFO  Asset_tracker_post.post_001_assetlocationsadding -  response message as : asset Location saved successfully
18:18:14.078 [main] INFO  Asset_tracker_post.post_001_assetlocationsadding -  Asset location ID 59 created
18:18:14.078 [main] INFO  Asset_tracker_post.post_001_assetlocationsadding - Entered location description is matched with response
18:18:14.079 [main] INFO  Asset_tracker_post.post_001_assetlocationsadding - Entered rFIDReaderCode is matched with response
18:18:14.079 [main] INFO  Asset_tracker_post.post_001_assetlocationsadding - Entered chAntenna is matched with response
18:18:14.079 [main] INFO  Asset_tracker_post.post_001_assetlocationsadding - Entered subch is matched with response
18:18:14.083 [main] INFO  Asset_tracker_post.post_001_assetlocationsadding -  Test case passed 
18:18:14.192 [main] INFO  Asset_tracker_post.post_002_AssetAdd -  ================================================= 
18:18:14.192 [main] INFO  Asset_tracker_post.post_002_AssetAdd -  Asset Tracking : assetadding api test starts
18:18:14.640 [main] INFO  Asset_tracker_post.post_002_AssetAdd -  Test Fail : java.lang.AssertionError: expected [200] but found [404]
18:18:14.746 [main] INFO  Asset_tracker_post.post_003_getassets -  ================================================= 
18:18:14.746 [main] INFO  Asset_tracker_post.post_003_getassets -  Asset Tracking : get assets api test starts
18:18:15.766 [main] INFO  Asset_tracker_post.post_003_getassets - Search with location ID 17
18:18:15.766 [main] INFO  Asset_tracker_post.post_003_getassets -  Successful response code received 
18:18:15.805 [main] INFO  Asset_tracker_post.post_003_getassets -  Asset code matched successfully 
18:18:15.886 [main] INFO  Asset_tracker_post.post_003_getassets -  Location ID matched successfully 
18:18:15.887 [main] INFO  Asset_tracker_post.post_003_getassets -  Test case passed 
18:18:15.947 [main] INFO  Asset_tracker_post.post_004_assettracking -  ================================================= 
18:18:15.947 [main] INFO  Asset_tracker_post.post_004_assettracking -  Asset Tracking : assettracking api test starts
18:18:16.381 [main] INFO  Asset_tracker_post.post_004_assettracking -  Successful response code received 
18:18:16.412 [main] INFO  Asset_tracker_post.post_004_assettracking -  response message as : Success
18:18:16.413 [main] INFO  Asset_tracker_post.post_004_assettracking -  Test case passed 
18:18:16.700 [main] INFO  Asset_tracker_post.post_006_dumperdetailscount -  ================================================= 
18:18:16.701 [main] INFO  Asset_tracker_post.post_006_dumperdetailscount -  Asset Tracking : dumperdetailscount api test starts
18:18:17.608 [main] INFO  Asset_tracker_post.post_006_dumperdetailscount -  Successful response code received 
18:18:17.639 [main] INFO  Asset_tracker_post.post_006_dumperdetailscount - Response message matched
18:18:17.639 [main] INFO  Asset_tracker_post.post_006_dumperdetailscount - Test case pass
18:18:17.690 [main] INFO  Asset_tracker_post.post_007_durationofthetrip -  ================================================= 
18:18:17.691 [main] INFO  Asset_tracker_post.post_007_durationofthetrip -  Asset Tracking : durationofthetrip api test starts
18:18:18.123 [main] INFO  Asset_tracker_post.post_007_durationofthetrip -  Successful response code received 
18:18:18.191 [main] INFO  Asset_tracker_post.post_007_durationofthetrip - Response message matched
18:18:18.191 [main] INFO  Asset_tracker_post.post_007_durationofthetrip - Test case pass
